<?xml version="1.0" encoding="UTF-8"?>
<!-- Generated by org.testng.reporters.JUnitReportReporter -->
<testsuite skipped="0" hostname="DESKTOP-GENOAIH" name="Demo.Assignment" tests="1" failures="0" timestamp="2021-01-17T16:56:07 IST" time="60.065" errors="0">
  <testcase name="testcase1" time="60.065" classname="Demo.Assignment"/>
  <system-out/>
</testsuite> <!-- Demo.Assignment -->
